<?xml version="1.0" encoding="UTF-8"?>
<testsuite name="com.ratelimiter.grpc.ProtoMapperTest" tests="3" skipped="0" failures="0" errors="0" timestamp="2026-03-06T06:15:54.466Z" hostname="Krutiks-MacBook-Air.local" time="0.004">
  <properties/>
  <testcase name="toProtoMapsAllFields()" classname="com.ratelimiter.grpc.ProtoMapperTest" time="0.0"/>
  <testcase name="toRequestMapsAllFields()" classname="com.ratelimiter.grpc.ProtoMapperTest" time="0.0"/>
  <testcase name="toPolicyMapsPolicyConfig()" classname="com.ratelimiter.grpc.ProtoMapperTest" time="0.002"/>
  <system-out><![CDATA[]]></system-out>
  <system-err><![CDATA[]]></system-err>
</testsuite>
