<?xml version="1.0" encoding="UTF-8"?>
<testsuite name="com.ratelimiter.algorithms.SlidingWindowExecutorTest" tests="3" skipped="0" failures="0" errors="0" timestamp="2026-03-06T06:15:54.439Z" hostname="Krutiks-MacBook-Air.local" time="0.002">
  <properties/>
  <testcase name="windowSlideOpensExactlyOneSlot()" classname="com.ratelimiter.algorithms.SlidingWindowExecutorTest" time="0.0"/>
  <testcase name="exactlyLimitRequestsSucceedThenReject()" classname="com.ratelimiter.algorithms.SlidingWindowExecutorTest" time="0.0"/>
  <testcase name="retryAfterIsPositiveWhenRejected()" classname="com.ratelimiter.algorithms.SlidingWindowExecutorTest" time="0.0"/>
  <system-out><![CDATA[]]></system-out>
  <system-err><![CDATA[]]></system-err>
</testsuite>
