<?xml version="1.0" encoding="UTF-8"?>
<testsuite name="com.ratelimiter.algorithms.TokenBucketExecutorTest" tests="5" skipped="0" failures="0" errors="0" timestamp="2026-03-06T06:15:54.442Z" hostname="Krutiks-MacBook-Air.local" time="0.002">
  <properties/>
  <testcase name="refillAfterTimeAdvanceAllowsAgain()" classname="com.ratelimiter.algorithms.TokenBucketExecutorTest" time="0.001"/>
  <testcase name="remainingDecrementsOnAllowedRequests()" classname="com.ratelimiter.algorithms.TokenBucketExecutorTest" time="0.0"/>
  <testcase name="firstRequestIsAlwaysAllowed()" classname="com.ratelimiter.algorithms.TokenBucketExecutorTest" time="0.0"/>
  <testcase name="burstBeyondCapacityIsRejected()" classname="com.ratelimiter.algorithms.TokenBucketExecutorTest" time="0.0"/>
  <testcase name="retryAfterUsesCeilOneOverRefillRate()" classname="com.ratelimiter.algorithms.TokenBucketExecutorTest" time="0.0"/>
  <system-out><![CDATA[]]></system-out>
  <system-err><![CDATA[]]></system-err>
</testsuite>
