<?xml version="1.0" encoding="UTF-8"?>
<testsuite name="com.ratelimiter.store.CircuitBreakerStoreAdapterTest" tests="5" skipped="0" failures="0" errors="0" timestamp="2026-03-06T06:15:54.590Z" hostname="Krutiks-MacBook-Air.local" time="0.003">
  <properties/>
  <testcase name="halfOpenClosesAfterSuccessThreshold()" classname="com.ratelimiter.store.CircuitBreakerStoreAdapterTest" time="0.001"/>
  <testcase name="transitionsToHalfOpenAfterCooldown()" classname="com.ratelimiter.store.CircuitBreakerStoreAdapterTest" time="0.0"/>
  <testcase name="halfOpenFailureReopensAndResetsCooldown()" classname="com.ratelimiter.store.CircuitBreakerStoreAdapterTest" time="0.001"/>
  <testcase name="opensAfterFailureThreshold()" classname="com.ratelimiter.store.CircuitBreakerStoreAdapterTest" time="0.001"/>
  <testcase name="openStateSkipsDelegateCalls()" classname="com.ratelimiter.store.CircuitBreakerStoreAdapterTest" time="0.0"/>
  <system-out><![CDATA[]]></system-out>
  <system-err><![CDATA[]]></system-err>
</testsuite>
