<?xml version="1.0" encoding="UTF-8"?>
<testsuite name="com.ratelimiter.grpc.RateLimiterGrpcHandlerTest" tests="5" skipped="0" failures="0" errors="0" timestamp="2026-03-06T06:15:54.470Z" hostname="Krutiks-MacBook-Air.local" time="0.018">
  <properties/>
  <testcase name="reloadConfigValidationFailureMapsToInvalidArgument()" classname="com.ratelimiter.grpc.RateLimiterGrpcHandlerTest" time="0.013"/>
  <testcase name="checkRateLimitUnavailableMapsToUnavailable()" classname="com.ratelimiter.grpc.RateLimiterGrpcHandlerTest" time="0.001"/>
  <testcase name="checkRateLimitPolicyMissingMapsToNotFound()" classname="com.ratelimiter.grpc.RateLimiterGrpcHandlerTest" time="0.001"/>
  <testcase name="healthCheckReturnsOkWhenStorePingSucceeds()" classname="com.ratelimiter.grpc.RateLimiterGrpcHandlerTest" time="0.0"/>
  <testcase name="checkRateLimitSuccessCallsOnCompleted()" classname="com.ratelimiter.grpc.RateLimiterGrpcHandlerTest" time="0.002"/>
  <system-out><![CDATA[]]></system-out>
  <system-err><![CDATA[]]></system-err>
</testsuite>
