<?xml version="1.0" encoding="UTF-8"?>
<testsuite name="com.ratelimiter.grpc.DeadlineInterceptorTest" tests="3" skipped="0" failures="0" errors="0" timestamp="2026-03-06T06:15:54.462Z" hostname="Krutiks-MacBook-Air.local" time="0.004">
  <properties/>
  <testcase name="expiredDeadlineReturnsDeadlineExceededAndSkipsService()" classname="com.ratelimiter.grpc.DeadlineInterceptorTest" time="0.002"/>
  <testcase name="sufficientDeadlineProceedsNormally()" classname="com.ratelimiter.grpc.DeadlineInterceptorTest" time="0.0"/>
  <testcase name="noDeadlineProceedsNormally()" classname="com.ratelimiter.grpc.DeadlineInterceptorTest" time="0.0"/>
  <system-out><![CDATA[]]></system-out>
  <system-err><![CDATA[]]></system-err>
</testsuite>
