<?xml version="1.0" encoding="UTF-8"?>
<testsuite name="com.ratelimiter.metrics.MetricsRegistryTest" tests="2" skipped="0" failures="0" errors="0" timestamp="2026-03-06T06:15:54.488Z" hostname="Krutiks-MacBook-Air.local" time="0.096">
  <properties/>
  <testcase name="metricsAndHealthEndpointsAreServed()" classname="com.ratelimiter.metrics.MetricsRegistryTest" time="0.093"/>
  <testcase name="requestCountersTrackAllowedAndThrottled()" classname="com.ratelimiter.metrics.MetricsRegistryTest" time="0.001"/>
  <system-out><![CDATA[]]></system-out>
  <system-err><![CDATA[]]></system-err>
</testsuite>
