<?xml version="1.0" encoding="UTF-8"?>
<testsuite name="com.ratelimiter.store.InMemoryStoreAdapterTest" tests="5" skipped="0" failures="0" errors="0" timestamp="2026-03-06T06:15:54.593Z" hostname="Krutiks-MacBook-Air.local" time="0.032">
  <properties/>
  <testcase name="pingAlwaysTrue()" classname="com.ratelimiter.store.InMemoryStoreAdapterTest" time="0.0"/>
  <testcase name="setAndGetRespectsTtl()" classname="com.ratelimiter.store.InMemoryStoreAdapterTest" time="0.03"/>
  <testcase name="tokenBucketScriptDispatchWorks()" classname="com.ratelimiter.store.InMemoryStoreAdapterTest" time="0.001"/>
  <testcase name="slidingWindowScriptDispatchWorks()" classname="com.ratelimiter.store.InMemoryStoreAdapterTest" time="0.0"/>
  <testcase name="unknownScriptThrowsStoreException()" classname="com.ratelimiter.store.InMemoryStoreAdapterTest" time="0.0"/>
  <system-out><![CDATA[]]></system-out>
  <system-err><![CDATA[]]></system-err>
</testsuite>
